  crew_rules.cpp
d:\coding\c++\毕设\cap\cap\cap\src\structures\generic\csvClassesTransOptimizable.h(44): warning C4150: deletion of pointer to incomplete type 'CrewStatus'; no destructor called
          d:\coding\c++\毕设\cap\cap\cap\src\structures\generic\csvClassesTransOptimizable.h(23) : see declaration of 'CrewStatus'
d:\coding\c++\毕设\cap\cap\cap\src\structures\generic\csvClassesTransOptimizable.h(158): warning C4091: 'extern ' : ignored on left of 'Path' when no variable is declared
src\structures\crew_rules.cpp(99): error C2678: binary '[' : no operator found which takes a left-hand operand of type 'const std::map<std::string,PosOrderSeqvec *,std::less<_Kty>,std::allocator<std::pair<const _Kty,_Ty>>>' (or there is no acceptable conversion)
          with
          [
              _Kty=std::string
  ,            _Ty=PosOrderSeqvec *
          ]
          D:\ProgramPackage\Coding\IDE\VS\VS2013\VC\include\map(224): could be 'PosOrderSeqvec *&std::map<std::string,PosOrderSeqvec *,std::less<_Kty>,std::allocator<std::pair<const _Kty,_Ty>>>::operator [](const std::basic_string<char,std::char_traits<char>,std::allocator<char>> &)'
          with
          [
              _Kty=std::string
  ,            _Ty=PosOrderSeqvec *
          ]
          D:\ProgramPackage\Coding\IDE\VS\VS2013\VC\include\map(172): or       'PosOrderSeqvec *&std::map<std::string,PosOrderSeqvec *,std::less<_Kty>,std::allocator<std::pair<const _Kty,_Ty>>>::operator [](std::basic_string<char,std::char_traits<char>,std::allocator<char>> &&)'
          with
          [
              _Kty=std::string
  ,            _Ty=PosOrderSeqvec *
          ]
          while trying to match the argument list '(const std::map<std::string,PosOrderSeqvec *,std::less<_Kty>,std::allocator<std::pair<const _Kty,_Ty>>>, std::basic_string<char,std::char_traits<char>,std::allocator<char>>)'
          with
          [
              _Kty=std::string
  ,            _Ty=PosOrderSeqvec *
          ]
src\structures\crew_rules.cpp(99): error C2227: left of '->orderSeqIdvec' must point to class/struct/union/generic type
src\structures\crew_rules.cpp(102): error C2678: binary '[' : no operator found which takes a left-hand operand of type 'const std::map<std::string,PosOrderSeqvec *,std::less<_Kty>,std::allocator<std::pair<const _Kty,_Ty>>>' (or there is no acceptable conversion)
          with
          [
              _Kty=std::string
  ,            _Ty=PosOrderSeqvec *
          ]
          D:\ProgramPackage\Coding\IDE\VS\VS2013\VC\include\map(224): could be 'PosOrderSeqvec *&std::map<std::string,PosOrderSeqvec *,std::less<_Kty>,std::allocator<std::pair<const _Kty,_Ty>>>::operator [](const std::basic_string<char,std::char_traits<char>,std::allocator<char>> &)'
          with
          [
              _Kty=std::string
  ,            _Ty=PosOrderSeqvec *
          ]
          D:\ProgramPackage\Coding\IDE\VS\VS2013\VC\include\map(172): or       'PosOrderSeqvec *&std::map<std::string,PosOrderSeqvec *,std::less<_Kty>,std::allocator<std::pair<const _Kty,_Ty>>>::operator [](std::basic_string<char,std::char_traits<char>,std::allocator<char>> &&)'
          with
          [
              _Kty=std::string
  ,            _Ty=PosOrderSeqvec *
          ]
          while trying to match the argument list '(const std::map<std::string,PosOrderSeqvec *,std::less<_Kty>,std::allocator<std::pair<const _Kty,_Ty>>>, std::basic_string<char,std::char_traits<char>,std::allocator<char>>)'
          with
          [
              _Kty=std::string
  ,            _Ty=PosOrderSeqvec *
          ]
src\structures\crew_rules.cpp(102): error C2227: left of '->orderSeqIdvec' must point to class/struct/union/generic type
  optimizer.cpp
d:\coding\c++\毕设\cap\cap\cap\src\structures\network\..\generic\csvClassesTransOptimizable.h(44): warning C4150: deletion of pointer to incomplete type 'CrewStatus'; no destructor called
          d:\coding\c++\毕设\cap\cap\cap\src\structures\network\..\generic\csvClassesTransOptimizable.h(23) : see declaration of 'CrewStatus'
d:\coding\c++\毕设\cap\cap\cap\src\structures\network\..\generic\csvClassesTransOptimizable.h(158): warning C4091: 'extern ' : ignored on left of 'Path' when no variable is declared
d:\coding\c++\毕设\cap\cap\cap\src\algorithm\../algorithm/column_generation/column_generation.h(11): warning C4244: 'initializing' : conversion from 'double' to 'const int', possible loss of data
d:\coding\c++\毕设\cap\cap\cap\src\algorithm\..\..\include\SummeryTool_H.h(53): warning C4244: '=' : conversion from 'double' to '__int64', possible loss of data
d:\coding\c++\毕设\cap\cap\cap\src\algorithm\..\..\include\SummeryTool_H.h(54): warning C4244: '=' : conversion from 'double' to '__int64', possible loss of data
d:\coding\c++\毕设\cap\cap\cap\src\algorithm\..\..\include\SummeryTool_H.h(55): warning C4244: '=' : conversion from 'double' to '__int64', possible loss of data
src\algorithm\optimizer.cpp(76): error C2664: 'void ColumnGeneration::init(int,std::vector<CrewGroup *,std::allocator<_Ty>> &,CrewNetwork &,SegNetwork &,CrewRules &,const Penalty &)' : cannot convert argument 5 from 'const CrewRules' to 'CrewRules &'
          with
          [
              _Ty=CrewGroup *
          ]
          Conversion loses qualifiers
src\algorithm\optimizer.cpp(196): warning C4244: 'initializing' : conversion from 'time_t' to 'int', possible loss of data
  main.cpp
d:\coding\c++\毕设\cap\cap\cap\include/SummeryTool_H.h(53): warning C4244: '=' : conversion from 'double' to '__int64', possible loss of data
d:\coding\c++\毕设\cap\cap\cap\include/SummeryTool_H.h(54): warning C4244: '=' : conversion from 'double' to '__int64', possible loss of data
d:\coding\c++\毕设\cap\cap\cap\include/SummeryTool_H.h(55): warning C4244: '=' : conversion from 'double' to '__int64', possible loss of data
d:\coding\c++\毕设\cap\cap\cap\src\structures\network\..\generic\csvClassesTransOptimizable.h(44): warning C4150: deletion of pointer to incomplete type 'CrewStatus'; no destructor called
          d:\coding\c++\毕设\cap\cap\cap\src\structures\network\..\generic\csvClassesTransOptimizable.h(23) : see declaration of 'CrewStatus'
d:\coding\c++\毕设\cap\cap\cap\src\structures\network\..\generic\csvClassesTransOptimizable.h(158): warning C4091: 'extern ' : ignored on left of 'Path' when no variable is declared
d:\coding\c++\毕设\cap\cap\cap\src\algorithm\../algorithm/column_generation/column_generation.h(11): warning C4244: 'initializing' : conversion from 'double' to 'const int', possible loss of data
  Generating Code...
  Skipping... (no relevant changes detected)
  pch.cpp
  problem.cpp
