d:\coding\c++\毕设\cap\cap\cap\x64\debug\vc120.pdb
d:\coding\c++\毕设\cap\cap\cap\x64\debug\vc120.idb
d:\coding\c++\毕设\cap\cap\cap\x64\debug\main.obj
d:\coding\c++\毕设\cap\cap\cap\x64\debug\column_generation.obj
d:\coding\c++\毕设\cap\cap\cap\x64\debug\column_pool_manager.obj
d:\coding\c++\毕设\cap\cap\cap\x64\debug\master_problem.obj
d:\coding\c++\毕设\cap\cap\cap\x64\debug\crewgroup_searcher.obj
d:\coding\c++\毕设\cap\cap\cap\x64\debug\segpath_searcher.obj
d:\coding\c++\毕设\cap\cap\cap\x64\debug\pch.obj
d:\coding\c++\毕设\cap\cap\cap\x64\debug\crew_rules.obj
d:\coding\c++\毕设\cap\cap\cap\x64\debug\ithread_db.obj
d:\coding\c++\毕设\cap\cap\cap\x64\debug\crew_network.obj
d:\coding\c++\毕设\cap\cap\cap\x64\debug\crew_path.obj
d:\coding\c++\毕设\cap\cap\cap\x64\debug\subproblem.obj
d:\coding\c++\毕设\cap\cap\cap\x64\debug\optimizer.obj
d:\coding\c++\毕设\cap\cap\cap\x64\debug\input_handle.obj
d:\coding\c++\毕设\cap\cap\cap\x64\debug\output_handler.obj
d:\coding\c++\毕设\cap\cap\cap\x64\debug\csvclassestransoptimizable.obj
d:\coding\c++\毕设\cap\cap\cap\x64\debug\seg_network.obj
d:\coding\c++\毕设\cap\cap\cap\x64\debug\seg_path.obj
d:\coding\c++\毕设\cap\cap\x64\debug\cap.pdb
d:\coding\c++\毕设\cap\cap\cap\x64\debug\cap.tlog\cl.command.1.tlog
d:\coding\c++\毕设\cap\cap\cap\x64\debug\cap.tlog\cl.read.1.tlog
d:\coding\c++\毕设\cap\cap\cap\x64\debug\cap.tlog\cl.write.1.tlog
d:\coding\c++\毕设\cap\cap\cap\x64\debug\cap.tlog\link-cvtres.read.1.tlog
d:\coding\c++\毕设\cap\cap\cap\x64\debug\cap.tlog\link-cvtres.write.1.tlog
d:\coding\c++\毕设\cap\cap\cap\x64\debug\cap.tlog\link-rc.read.1.tlog
d:\coding\c++\毕设\cap\cap\cap\x64\debug\cap.tlog\link-rc.write.1.tlog
d:\coding\c++\毕设\cap\cap\cap\x64\debug\cap.tlog\link.1048.read.1.tlog
d:\coding\c++\毕设\cap\cap\cap\x64\debug\cap.tlog\link.1048.write.1.tlog
d:\coding\c++\毕设\cap\cap\cap\x64\debug\cap.tlog\link.1156.read.1.tlog
d:\coding\c++\毕设\cap\cap\cap\x64\debug\cap.tlog\link.1156.write.1.tlog
d:\coding\c++\毕设\cap\cap\cap\x64\debug\cap.tlog\link.12684-cvtres.read.1.tlog
d:\coding\c++\毕设\cap\cap\cap\x64\debug\cap.tlog\link.12684-cvtres.write.1.tlog
d:\coding\c++\毕设\cap\cap\cap\x64\debug\cap.tlog\link.12684-rc.read.1.tlog
d:\coding\c++\毕设\cap\cap\cap\x64\debug\cap.tlog\link.12684-rc.write.1.tlog
d:\coding\c++\毕设\cap\cap\cap\x64\debug\cap.tlog\link.12684.read.1.tlog
d:\coding\c++\毕设\cap\cap\cap\x64\debug\cap.tlog\link.12684.write.1.tlog
d:\coding\c++\毕设\cap\cap\cap\x64\debug\cap.tlog\link.13756.read.1.tlog
d:\coding\c++\毕设\cap\cap\cap\x64\debug\cap.tlog\link.13756.write.1.tlog
d:\coding\c++\毕设\cap\cap\cap\x64\debug\cap.tlog\link.14080.read.1.tlog
d:\coding\c++\毕设\cap\cap\cap\x64\debug\cap.tlog\link.14080.write.1.tlog
d:\coding\c++\毕设\cap\cap\cap\x64\debug\cap.tlog\link.5128.read.1.tlog
d:\coding\c++\毕设\cap\cap\cap\x64\debug\cap.tlog\link.5128.write.1.tlog
d:\coding\c++\毕设\cap\cap\cap\x64\debug\cap.tlog\link.9352.read.1.tlog
d:\coding\c++\毕设\cap\cap\cap\x64\debug\cap.tlog\link.9352.write.1.tlog
d:\coding\c++\毕设\cap\cap\cap\x64\debug\cap.tlog\link.9448.read.1.tlog
d:\coding\c++\毕设\cap\cap\cap\x64\debug\cap.tlog\link.9448.write.1.tlog
d:\coding\c++\毕设\cap\cap\cap\x64\debug\cap.tlog\link.command.1.tlog
d:\coding\c++\毕设\cap\cap\cap\x64\debug\cap.tlog\link.read.1.tlog
d:\coding\c++\毕设\cap\cap\cap\x64\debug\cap.tlog\link.write.1.tlog
